<?xml version="1.0" encoding="UTF-8"?>
<!-- Generated by org.testng.reporters.JUnitXMLReporter -->
<testsuite ignored="2" hostname="DESKTOP-C6G74C4" failures="1" tests="2" name="Headerlinks" time="10.311" errors="0" timestamp="2019-11-27T13:30:18 WAT">
  <testcase classname="com.gigm.testcases.CheckHeaderLinks" name="checkHeaderLinks" time="10.279"/>
  <testcase classname="com.gigm.testcases.ValidateLogin" name="Login" time="0.003">
    <failure type="java.lang.NullPointerException">
      <![CDATA[java.lang.NullPointerException
at com.gigm.pages.HomePage.ghanaAds(HomePage.java:19)
at com.gigm.testcases.ValidateLogin.Login(ValidateLogin.java:17)
at java.base/java.util.ArrayList.forEach(ArrayList.java:1507)
... Removed 27 stack frames]]>
    </failure>
  </testcase> <!-- Login -->
  <testcase classname="com.gigm.base.TestBase" name="@BeforeSuite setUp" time="0.0">
    <ignored/>
  </testcase> <!-- @BeforeSuite setUp -->
  <testcase classname="com.gigm.base.TestBase" name="@AfterSuite tearDown" time="0.0">
    <ignored/>
  </testcase> <!-- @AfterSuite tearDown -->
</testsuite> <!-- Headerlinks -->
