<?xml version="1.0" encoding="UTF-8"?>
<!-- Generated by org.testng.reporters.JUnitXMLReporter -->
<testsuite ignored="0" hostname="DESKTOP-C6G74C4" failures="1" tests="1" name="HomePage" time="0.048" errors="0" timestamp="2019-11-27T13:10:34 WAT">
  <testcase classname="com.gigm.testcases.CheckHeaderLinks" name="checkHeaderLinks" time="0.009">
    <failure type="java.lang.NullPointerException">
      <![CDATA[java.lang.NullPointerException
at com.gigm.pages.HomePage.ghanaAds(HomePage.java:19)
at com.gigm.testcases.CheckHeaderLinks.checkHeaderLinks(CheckHeaderLinks.java:15)
at java.base/java.util.ArrayList.forEach(ArrayList.java:1507)
at java.base/java.util.concurrent.FutureTask.run(FutureTask.java:264)
at java.base/java.util.concurrent.ThreadPoolExecutor.runWorker(ThreadPoolExecutor.java:1128)
at java.base/java.util.concurrent.ThreadPoolExecutor$Worker.run(ThreadPoolExecutor.java:628)
at java.base/java.lang.Thread.run(Thread.java:830)
... Removed 18 stack frames]]>
    </failure>
  </testcase> <!-- checkHeaderLinks -->
</testsuite> <!-- HomePage -->
