<?xml version="1.0" encoding="UTF-8"?>
<!-- Generated by org.testng.reporters.JUnitXMLReporter -->
<testsuite ignored="0" hostname="DESKTOP-C6G74C4" failures="0" tests="2" name="headerLinks" time="73.609" errors="0" timestamp="2019-12-05T16:23:57 WAT">
  <testcase classname="com.gigm.headerTestCases.CheckHeaderLinks" name="checkHeaderLinks" time="29.471"/>
  <testcase classname="com.gigm.headerTestCases.CheckHeaderLinks" name="FooterlinksCheck" time="14.899"/>
</testsuite> <!-- headerLinks -->
