<?xml version="1.0" encoding="UTF-8"?>
<!-- Generated by org.testng.reporters.JUnitXMLReporter -->
<testsuite ignored="0" hostname="QA-SYSTEM" failures="0" tests="3" name="Login" time="42.184" errors="0" timestamp="2020-01-07T14:27:42 WAT">
  <testcase classname="com.gigm.testcases.ValidateLogin" name="Login" time="7.87"/>
  <testcase classname="com.gigm.testcases.ValidateLogin" name="Login" time="8.266"/>
  <testcase classname="com.gigm.testcases.ValidateLogin" name="Login" time="8.499"/>
</testsuite> <!-- Login -->
