<?xml version="1.0" encoding="UTF-8"?>
<testng-results skipped="0" failed="1" ignored="0" total="2" passed="1">
  <reporter-output>
  </reporter-output>
  <suite name="Default suite" duration-ms="64763" started-at="2019-10-20T14:02:53Z" finished-at="2019-10-20T14:03:58Z">
    <groups>
    </groups>
    <test name="Default test" duration-ms="64763" started-at="2019-10-20T14:02:53Z" finished-at="2019-10-20T14:03:58Z">
      <class name="loopmi.LaunchApp">
        <test-method status="PASS" signature="setUp()[pri:0, instance:loopmi.LaunchApp@482f8f11]" name="setUp" is-config="true" duration-ms="23642" started-at="2019-10-20T14:02:53Z" finished-at="2019-10-20T14:03:17Z">
          <reporter-output>
          </reporter-output>
        </test-method> <!-- setUp -->
        <test-method status="PASS" signature="invaidLogin()[pri:0, instance:loopmi.LaunchApp@482f8f11]" name="invaidLogin" duration-ms="8104" started-at="2019-10-20T14:03:17Z" finished-at="2019-10-20T14:03:25Z">
          <reporter-output>
          </reporter-output>
        </test-method> <!-- invaidLogin -->
        <test-method status="FAIL" signature="validLogin()[pri:0, instance:loopmi.LaunchApp@482f8f11]" name="validLogin" duration-ms="31795" started-at="2019-10-20T14:03:25Z" finished-at="2019-10-20T14:03:57Z">
          <exception class="org.openqa.selenium.NoSuchElementException">
            <message>
              <![CDATA[An element could not be located on the page using the given search parameters.
For documentation on this error, please visit: https://www.seleniumhq.org/exceptions/no_such_element.html
Build info: version: '3.141.59', revision: 'e82be7d358', time: '2018-11-14T08:25:48'
System info: host: 'DESKTOP-61OVGDS', ip: '192.168.56.1', os.name: 'Windows 10', os.arch: 'amd64', os.version: '10.0', java.version: '1.8.0_151'
Driver info: org.openqa.selenium.remote.RemoteWebDriver
Capabilities {appActivity: org.loopmi.MainActivity, appPackage: org.antwire.loopmi, databaseEnabled: false, desired: {appActivity: org.loopmi.MainActivity, appPackage: org.antwire.loopmi, deviceName: Galaxy A10), platformName: android, platformVersion: 9, udid: RF8M33Q2CTE}, deviceApiLevel: 28, deviceManufacturer: samsung, deviceModel: SM-A105F, deviceName: RF8M33Q2CTE, deviceScreenDensity: 280, deviceScreenSize: 720x1520, deviceUDID: RF8M33Q2CTE, javascriptEnabled: true, locationContextEnabled: false, networkConnectionEnabled: true, pixelRatio: 1.75, platform: LINUX, platformName: LINUX, platformVersion: 9, statBarHeight: 54, takesScreenshot: true, udid: RF8M33Q2CTE, viewportRect: {height: 1386, left: 0, top: 54, width: 720}, warnings: {}, webStorageEnabled: false}
Session ID: ee878ad6-0904-46d5-8e5e-9d3c8d253c7b
*** Element info: {Using=xpath, value=//android.widget.EditText[@text='••••••••']}]]>
            </message>
            <full-stacktrace>
              <![CDATA[org.openqa.selenium.NoSuchElementException: An element could not be located on the page using the given search parameters.
For documentation on this error, please visit: https://www.seleniumhq.org/exceptions/no_such_element.html
Build info: version: '3.141.59', revision: 'e82be7d358', time: '2018-11-14T08:25:48'
System info: host: 'DESKTOP-61OVGDS', ip: '192.168.56.1', os.name: 'Windows 10', os.arch: 'amd64', os.version: '10.0', java.version: '1.8.0_151'
Driver info: org.openqa.selenium.remote.RemoteWebDriver
Capabilities {appActivity: org.loopmi.MainActivity, appPackage: org.antwire.loopmi, databaseEnabled: false, desired: {appActivity: org.loopmi.MainActivity, appPackage: org.antwire.loopmi, deviceName: Galaxy A10), platformName: android, platformVersion: 9, udid: RF8M33Q2CTE}, deviceApiLevel: 28, deviceManufacturer: samsung, deviceModel: SM-A105F, deviceName: RF8M33Q2CTE, deviceScreenDensity: 280, deviceScreenSize: 720x1520, deviceUDID: RF8M33Q2CTE, javascriptEnabled: true, locationContextEnabled: false, networkConnectionEnabled: true, pixelRatio: 1.75, platform: LINUX, platformName: LINUX, platformVersion: 9, statBarHeight: 54, takesScreenshot: true, udid: RF8M33Q2CTE, viewportRect: {height: 1386, left: 0, top: 54, width: 720}, warnings: {}, webStorageEnabled: false}
Session ID: ee878ad6-0904-46d5-8e5e-9d3c8d253c7b
*** Element info: {Using=xpath, value=//android.widget.EditText[@text='••••••••']}
at sun.reflect.NativeConstructorAccessorImpl.newInstance0(Native Method)
at sun.reflect.NativeConstructorAccessorImpl.newInstance(NativeConstructorAccessorImpl.java:62)
at sun.reflect.DelegatingConstructorAccessorImpl.newInstance(DelegatingConstructorAccessorImpl.java:45)
at java.lang.reflect.Constructor.newInstance(Constructor.java:423)
at org.openqa.selenium.remote.http.W3CHttpResponseCodec.createException(W3CHttpResponseCodec.java:187)
at org.openqa.selenium.remote.http.W3CHttpResponseCodec.decode(W3CHttpResponseCodec.java:122)
at org.openqa.selenium.remote.http.W3CHttpResponseCodec.decode(W3CHttpResponseCodec.java:49)
at org.openqa.selenium.remote.HttpCommandExecutor.execute(HttpCommandExecutor.java:158)
at org.openqa.selenium.remote.RemoteWebDriver.execute(RemoteWebDriver.java:552)
at org.openqa.selenium.remote.RemoteWebDriver.findElement(RemoteWebDriver.java:323)
at org.openqa.selenium.remote.RemoteWebDriver.findElementByXPath(RemoteWebDriver.java:428)
at org.openqa.selenium.By$ByXPath.findElement(By.java:353)
at org.openqa.selenium.remote.RemoteWebDriver.findElement(RemoteWebDriver.java:315)
at loopmi.LaunchApp.validLogin(LaunchApp.java:55)
at sun.reflect.NativeMethodAccessorImpl.invoke0(Native Method)
at sun.reflect.NativeMethodAccessorImpl.invoke(NativeMethodAccessorImpl.java:62)
at sun.reflect.DelegatingMethodAccessorImpl.invoke(DelegatingMethodAccessorImpl.java:43)
at java.lang.reflect.Method.invoke(Method.java:498)
at org.testng.internal.MethodInvocationHelper.invokeMethod(MethodInvocationHelper.java:124)
at org.testng.internal.Invoker.invokeMethod(Invoker.java:580)
at org.testng.internal.Invoker.invokeTestMethod(Invoker.java:716)
at org.testng.internal.Invoker.invokeTestMethods(Invoker.java:988)
at org.testng.internal.TestMethodWorker.invokeTestMethods(TestMethodWorker.java:125)
at org.testng.internal.TestMethodWorker.run(TestMethodWorker.java:109)
at org.testng.TestRunner.privateRun(TestRunner.java:648)
at org.testng.TestRunner.run(TestRunner.java:505)
at org.testng.SuiteRunner.runTest(SuiteRunner.java:455)
at org.testng.SuiteRunner.runSequentially(SuiteRunner.java:450)
at org.testng.SuiteRunner.privateRun(SuiteRunner.java:415)
at org.testng.SuiteRunner.run(SuiteRunner.java:364)
at org.testng.SuiteRunnerWorker.runSuite(SuiteRunnerWorker.java:52)
at org.testng.SuiteRunnerWorker.run(SuiteRunnerWorker.java:84)
at org.testng.TestNG.runSuitesSequentially(TestNG.java:1208)
at org.testng.TestNG.runSuitesLocally(TestNG.java:1137)
at org.testng.TestNG.runSuites(TestNG.java:1049)
at org.testng.TestNG.run(TestNG.java:1017)
at org.testng.remote.AbstractRemoteTestNG.run(AbstractRemoteTestNG.java:114)
at org.testng.remote.RemoteTestNG.initAndRun(RemoteTestNG.java:251)
at org.testng.remote.RemoteTestNG.main(RemoteTestNG.java:77)
]]>
            </full-stacktrace>
          </exception> <!-- org.openqa.selenium.NoSuchElementException -->
          <reporter-output>
          </reporter-output>
        </test-method> <!-- validLogin -->
        <test-method status="PASS" signature="closeApp()[pri:0, instance:loopmi.LaunchApp@482f8f11]" name="closeApp" is-config="true" duration-ms="1184" started-at="2019-10-20T14:03:57Z" finished-at="2019-10-20T14:03:58Z">
          <reporter-output>
          </reporter-output>
        </test-method> <!-- closeApp -->
      </class> <!-- loopmi.LaunchApp -->
    </test> <!-- Default test -->
  </suite> <!-- Default suite -->
</testng-results>
